kotlin version: 2.0.21
error message: org.jetbrains.kotlin.backend.common.BackendException: Backend Internal error: Exception during IR lowering
File being compiled: /Users/junhee/AndroidStudioProjects/Screenshot-Android/core/ui/src/main/java/com/prography/ui/common/GlobalUiManager.kt
The root cause java.lang.RuntimeException was thrown at: org.jetbrains.kotlin.backend.jvm.codegen.FunctionCodegen.generate(FunctionCodegen.kt:47)
	at org.jetbrains.kotlin.backend.common.CodegenUtil.reportBackendException(CodegenUtil.kt:253)
	at org.jetbrains.kotlin.backend.common.CodegenUtil.reportBackendException$default(CodegenUtil.kt:236)
	at org.jetbrains.kotlin.backend.common.phaser.PerformByIrFilePhase.invokeSequential(performByIrFile.kt:65)
	at org.jetbrains.kotlin.backend.common.phaser.PerformByIrFilePhase.invoke(performByIrFile.kt:52)
	at org.jetbrains.kotlin.backend.common.phaser.PerformByIrFilePhase.invoke(performByIrFile.kt:38)
	at org.jetbrains.kotlin.backend.common.phaser.NamedCompilerPhase.phaseBody(CompilerPhase.kt:166)
	at org.jetbrains.kotlin.backend.common.phaser.AbstractNamedCompilerPhase.invoke(CompilerPhase.kt:113)
	at org.jetbrains.kotlin.backend.common.phaser.CompositePhase.invoke(PhaseBuilders.kt:27)
	at org.jetbrains.kotlin.backend.common.phaser.CompositePhase.invoke(PhaseBuilders.kt:14)
	at org.jetbrains.kotlin.backend.common.phaser.NamedCompilerPhase.phaseBody(CompilerPhase.kt:166)
	at org.jetbrains.kotlin.backend.common.phaser.AbstractNamedCompilerPhase.invoke(CompilerPhase.kt:113)
	at org.jetbrains.kotlin.backend.common.phaser.CompilerPhaseKt.invokeToplevel(CompilerPhase.kt:62)
	at org.jetbrains.kotlin.backend.jvm.JvmIrCodegenFactory.invokeCodegen(JvmIrCodegenFactory.kt:371)
	at org.jetbrains.kotlin.codegen.CodegenFactory.generateModule(CodegenFactory.kt:47)
	at org.jetbrains.kotlin.backend.jvm.JvmIrCodegenFactory.generateModuleInFrontendIRMode(JvmIrCodegenFactory.kt:433)
	at org.jetbrains.kotlin.cli.jvm.compiler.pipeline.JvmCompilerPipelineKt.generateCodeFromIr(jvmCompilerPipeline.kt:246)
	at org.jetbrains.kotlin.cli.jvm.compiler.pipeline.JvmCompilerPipelineKt.compileModulesUsingFrontendIrAndLightTree(jvmCompilerPipeline.kt:142)
	at org.jetbrains.kotlin.cli.jvm.K2JVMCompiler.doExecute(K2JVMCompiler.kt:148)
	at org.jetbrains.kotlin.cli.jvm.K2JVMCompiler.doExecute(K2JVMCompiler.kt:43)
	at org.jetbrains.kotlin.cli.common.CLICompiler.execImpl(CLICompiler.kt:103)
	at org.jetbrains.kotlin.cli.common.CLICompiler.execImpl(CLICompiler.kt:49)
	at org.jetbrains.kotlin.cli.common.CLITool.exec(CLITool.kt:101)
	at org.jetbrains.kotlin.incremental.IncrementalJvmCompilerRunner.runCompiler(IncrementalJvmCompilerRunner.kt:464)
	at org.jetbrains.kotlin.incremental.IncrementalJvmCompilerRunner.runCompiler(IncrementalJvmCompilerRunner.kt:73)
	at org.jetbrains.kotlin.incremental.IncrementalCompilerRunner.doCompile(IncrementalCompilerRunner.kt:506)
	at org.jetbrains.kotlin.incremental.IncrementalCompilerRunner.compileImpl(IncrementalCompilerRunner.kt:423)
	at org.jetbrains.kotlin.incremental.IncrementalCompilerRunner.compileNonIncrementally(IncrementalCompilerRunner.kt:301)
	at org.jetbrains.kotlin.incremental.IncrementalCompilerRunner.compile(IncrementalCompilerRunner.kt:129)
	at org.jetbrains.kotlin.daemon.CompileServiceImplBase.execIncrementalCompiler(CompileServiceImpl.kt:675)
	at org.jetbrains.kotlin.daemon.CompileServiceImplBase.access$execIncrementalCompiler(CompileServiceImpl.kt:92)
	at org.jetbrains.kotlin.daemon.CompileServiceImpl.compile(CompileServiceImpl.kt:1660)
	at java.base/jdk.internal.reflect.DirectMethodHandleAccessor.invoke(Unknown Source)
	at java.base/java.lang.reflect.Method.invoke(Unknown Source)
	at java.rmi/sun.rmi.server.UnicastServerRef.dispatch(Unknown Source)
	at java.rmi/sun.rmi.transport.Transport$1.run(Unknown Source)
	at java.rmi/sun.rmi.transport.Transport$1.run(Unknown Source)
	at java.base/java.security.AccessController.doPrivileged(Unknown Source)
	at java.rmi/sun.rmi.transport.Transport.serviceCall(Unknown Source)
	at java.rmi/sun.rmi.transport.tcp.TCPTransport.handleMessages(Unknown Source)
	at java.rmi/sun.rmi.transport.tcp.TCPTransport$ConnectionHandler.run0(Unknown Source)
	at java.rmi/sun.rmi.transport.tcp.TCPTransport$ConnectionHandler.lambda$run$0(Unknown Source)
	at java.base/java.security.AccessController.doPrivileged(Unknown Source)
	at java.rmi/sun.rmi.transport.tcp.TCPTransport$ConnectionHandler.run(Unknown Source)
	at java.base/java.util.concurrent.ThreadPoolExecutor.runWorker(Unknown Source)
	at java.base/java.util.concurrent.ThreadPoolExecutor$Worker.run(Unknown Source)
	at java.base/java.lang.Thread.run(Unknown Source)
Caused by: java.lang.RuntimeException: Exception while generating code for:
FUN name:GlobalUiHandler visibility:public modality:FINAL <> () returnType:kotlin.Unit
  annotations:
    Composable
  BLOCK_BODY
    VAR PROPERTY_DELEGATE name:isLoading$delegate type:androidx.compose.runtime.MutableState<kotlin.Boolean> [val]
      CALL 'public final fun remember <T> (calculation: @[DisallowComposableCalls] kotlin.Function0<T of androidx.compose.runtime.ComposablesKt.remember>): T of androidx.compose.runtime.ComposablesKt.remember [inline] declared in androidx.compose.runtime.ComposablesKt' type=androidx.compose.runtime.MutableState<kotlin.Boolean> origin=null
        <T>: androidx.compose.runtime.MutableState<kotlin.Boolean>
        calculation: BLOCK type=kotlin.Function0<androidx.compose.runtime.MutableState<kotlin.Boolean>> origin=LAMBDA
          COMPOSITE type=kotlin.Unit origin=null
          FUNCTION_REFERENCE 'private final fun GlobalUiHandler$lambda$0 (): androidx.compose.runtime.MutableState<kotlin.Boolean> declared in com.prography.ui.common.GlobalUiManagerKt' type=kotlin.Function0<androidx.compose.runtime.MutableState<kotlin.Boolean>> origin=INLINE_LAMBDA reflectionTarget=null
    VAR PROPERTY_DELEGATE name:toastMessage$delegate type:androidx.compose.runtime.MutableState<kotlin.String?> [val]
      CALL 'public final fun remember <T> (calculation: @[DisallowComposableCalls] kotlin.Function0<T of androidx.compose.runtime.ComposablesKt.remember>): T of androidx.compose.runtime.ComposablesKt.remember [inline] declared in androidx.compose.runtime.ComposablesKt' type=androidx.compose.runtime.MutableState<kotlin.String?> origin=null
        <T>: androidx.compose.runtime.MutableState<kotlin.String?>
        calculation: BLOCK type=kotlin.Function0<androidx.compose.runtime.MutableState<kotlin.String?>> origin=LAMBDA
          COMPOSITE type=kotlin.Unit origin=null
          FUNCTION_REFERENCE 'private final fun GlobalUiHandler$lambda$3 (): androidx.compose.runtime.MutableState<kotlin.String?> declared in com.prography.ui.common.GlobalUiManagerKt' type=kotlin.Function0<androidx.compose.runtime.MutableState<kotlin.String?>> origin=INLINE_LAMBDA reflectionTarget=null
    CALL 'public final fun LaunchedEffect (key1: kotlin.Any?, block: @[ExtensionFunctionType] kotlin.coroutines.SuspendFunction1<kotlinx.coroutines.CoroutineScope, kotlin.Unit>): kotlin.Unit declared in androidx.compose.runtime.EffectsKt' type=kotlin.Unit origin=null
      key1: GET_FIELD 'FIELD FIELD_FOR_OBJECT_INSTANCE name:INSTANCE type:kotlin.Unit visibility:public [final,static] declared in kotlin.Unit' type=kotlin.Unit origin=null
      block: BLOCK type=com.prography.ui.common.GlobalUiManagerKt.GlobalUiHandler.<no name provided> origin=null
        CLASS SUSPEND_LAMBDA CLASS name:<no name provided> modality:FINAL visibility:public/*package*/ superTypes:[kotlin.coroutines.jvm.internal.SuspendLambda; kotlin.jvm.functions.Function2<kotlinx.coroutines.CoroutineScope, kotlin.coroutines.Continuation<kotlin.Unit>?, kotlin.Any?>]
          $this: VALUE_PARAMETER INSTANCE_RECEIVER name:<this> type:com.prography.ui.common.GlobalUiManagerKt.GlobalUiHandler.<no name provided>
          FIELD name:label type:kotlin.Int visibility:public/*package*/
          CONSTRUCTOR SUSPEND_LAMBDA visibility:public/*package*/ <> ($isLoading$delegate:androidx.compose.runtime.MutableState<kotlin.Boolean>, $toastMessage$delegate:androidx.compose.runtime.MutableState<kotlin.String?>, $completion:kotlin.coroutines.Continuation<com.prography.ui.common.GlobalUiManagerKt.GlobalUiHandler.<no name provided>>?) returnType:com.prography.ui.common.GlobalUiManagerKt.GlobalUiHandler.<no name provided> [primary]
            VALUE_PARAMETER BOUND_VALUE_PARAMETER name:$isLoading$delegate index:0 type:androidx.compose.runtime.MutableState<kotlin.Boolean>
            VALUE_PARAMETER BOUND_VALUE_PARAMETER name:$toastMessage$delegate index:1 type:androidx.compose.runtime.MutableState<kotlin.String?>
            VALUE_PARAMETER name:$completion index:2 type:kotlin.coroutines.Continuation<com.prography.ui.common.GlobalUiManagerKt.GlobalUiHandler.<no name provided>>?
            BLOCK_BODY
              SET_FIELD 'FIELD FIELD_FOR_CAPTURED_VALUE name:$isLoading$delegate type:androidx.compose.runtime.MutableState<kotlin.Boolean> visibility:public/*package*/ [final] declared in com.prography.ui.common.GlobalUiManagerKt.GlobalUiHandler.<no name provided>' type=kotlin.Unit origin=INITIALIZER_OF_FIELD_FOR_CAPTURED_VALUE
                receiver: GET_VAR '<this>: com.prography.ui.common.GlobalUiManagerKt.GlobalUiHandler.<no name provided> declared in com.prography.ui.common.GlobalUiManagerKt.GlobalUiHandler.<no name provided>' type=com.prography.ui.common.GlobalUiManagerKt.GlobalUiHandler.<no name provided> origin=null
                value: GET_VAR '$isLoading$delegate: androidx.compose.runtime.MutableState<kotlin.Boolean> declared in com.prography.ui.common.GlobalUiManagerKt.GlobalUiHandler.<no name provided>.<init>' type=androidx.compose.runtime.MutableState<kotlin.Boolean> origin=null
              SET_FIELD 'FIELD FIELD_FOR_CAPTURED_VALUE name:$toastMessage$delegate type:androidx.compose.runtime.MutableState<kotlin.String?> visibility:public/*package*/ [final] declared in com.prography.ui.common.GlobalUiManagerKt.GlobalUiHandler.<no name provided>' type=kotlin.Unit origin=INITIALIZER_OF_FIELD_FOR_CAPTURED_VALUE
                receiver: GET_VAR '<this>: com.prography.ui.common.GlobalUiManagerKt.GlobalUiHandler.<no name provided> declared in com.prography.ui.common.GlobalUiManagerKt.GlobalUiHandler.<no name provided>' type=com.prography.ui.common.GlobalUiManagerKt.GlobalUiHandler.<no name provided> origin=null
                value: GET_VAR '$toastMessage$delegate: androidx.compose.runtime.MutableState<kotlin.String?> declared in com.prography.ui.common.GlobalUiManagerKt.GlobalUiHandler.<no name provided>.<init>' type=androidx.compose.runtime.MutableState<kotlin.String?> origin=null
              DELEGATING_CONSTRUCTOR_CALL 'public constructor <init> (arity: kotlin.Int, $completion: kotlin.coroutines.Continuation<kotlin.Any?>?) declared in kotlin.coroutines.jvm.internal.SuspendLambda'
                arity: CONST Int type=kotlin.Int value=2
                $completion: GET_VAR '$completion: kotlin.coroutines.Continuation<com.prography.ui.common.GlobalUiManagerKt.GlobalUiHandler.<no name provided>>? declared in com.prography.ui.common.GlobalUiManagerKt.GlobalUiHandler.<no name provided>.<init>' type=kotlin.coroutines.Continuation<com.prography.ui.common.GlobalUiManagerKt.GlobalUiHandler.<no name provided>>? origin=null
              BLOCK type=kotlin.Unit origin=null
          FUN name:invokeSuspend visibility:public modality:FINAL <> ($this:com.prography.ui.common.GlobalUiManagerKt.GlobalUiHandler.<no name provided>, $result:kotlin.Result<kotlin.Any?>) returnType:kotlin.Any?
            overridden:
              protected abstract fun invokeSuspend ($result: kotlin.Result<kotlin.Any?>): kotlin.Any? declared in kotlin.coroutines.jvm.internal.SuspendLambda
            $this: VALUE_PARAMETER INSTANCE_RECEIVER name:<this> type:com.prography.ui.common.GlobalUiManagerKt.GlobalUiHandler.<no name provided>
            VALUE_PARAMETER name:$result index:0 type:kotlin.Result<kotlin.Any?>
            BLOCK_BODY
              BLOCK type=kotlin.Nothing origin=null
                CALL 'public abstract fun collect (collector: kotlinx.coroutines.flow.FlowCollector<T of kotlinx.coroutines.flow.SharedFlow>, $completion: kotlin.coroutines.Continuation<kotlin.Nothing>): kotlin.Any? [suspend] declared in kotlinx.coroutines.flow.SharedFlow' type=kotlin.Nothing origin=null
                  $this: CALL 'public final fun <get-uiEvent> (): kotlinx.coroutines.flow.SharedFlow<com.prography.ui.common.UiEvent> declared in com.prography.ui.common.GlobalUiManager' type=kotlinx.coroutines.flow.SharedFlow<com.prography.ui.common.UiEvent> origin=GET_PROPERTY
                    $this: GET_FIELD 'FIELD FIELD_FOR_OBJECT_INSTANCE name:INSTANCE type:com.prography.ui.common.GlobalUiManager visibility:public [final,static] declared in com.prography.ui.common.GlobalUiManager' type=com.prography.ui.common.GlobalUiManager origin=null
                  collector: BLOCK type=com.prography.ui.common.GlobalUiManagerKt.GlobalUiHandler.<no name provided>.invokeSuspend.<no name provided><T of com.prography.ui.common.GlobalUiManagerKt.GlobalUiHandler.<no name provided>.invokeSuspend.<no name provided>> origin=null
                    CLASS LAMBDA_IMPL CLASS name:<no name provided> modality:FINAL visibility:public/*package*/ superTypes:[@[RawType] kotlinx.coroutines.flow.FlowCollector<T of kotlinx.coroutines.flow.FlowCollector>]
                      $this: VALUE_PARAMETER INSTANCE_RECEIVER name:<this> type:com.prography.ui.common.GlobalUiManagerKt.GlobalUiHandler.<no name provided>.invokeSuspend.<no name provided><T of com.prography.ui.common.GlobalUiManagerKt.GlobalUiHandler.<no name provided>.invokeSuspend.<no name provided>>
                      TYPE_PARAMETER name:T index:0 variance:in superTypes:[kotlin.Any?] reified:false
                      CONSTRUCTOR GENERATED_MEMBER_IN_CALLABLE_REFERENCE visibility:public/*package*/ <> ($isLoading$delegate:androidx.compose.runtime.MutableState<kotlin.Boolean>, $toastMessage$delegate:androidx.compose.runtime.MutableState<kotlin.String?>) returnType:com.prography.ui.common.GlobalUiManagerKt.GlobalUiHandler.<no name provided>.invokeSuspend.<no name provided><T of com.prography.ui.common.GlobalUiManagerKt.GlobalUiHandler.<no name provided>.invokeSuspend.<no name provided>> [primary]
                        VALUE_PARAMETER BOUND_VALUE_PARAMETER name:$isLoading$delegate index:0 type:androidx.compose.runtime.MutableState<kotlin.Boolean>
                        VALUE_PARAMETER BOUND_VALUE_PARAMETER name:$toastMessage$delegate index:1 type:androidx.compose.runtime.MutableState<kotlin.String?>
                        BLOCK_BODY
                          SET_FIELD 'FIELD FIELD_FOR_CAPTURED_VALUE name:$isLoading$delegate type:androidx.compose.runtime.MutableState<kotlin.Boolean> visibility:public/*package*/ [final] declared in com.prography.ui.common.GlobalUiManagerKt.GlobalUiHandler.<no name provided>.invokeSuspend.<no name provided>' type=kotlin.Unit origin=INITIALIZER_OF_FIELD_FOR_CAPTURED_VALUE
                            receiver: GET_VAR '<this>: com.prography.ui.common.GlobalUiManagerKt.GlobalUiHandler.<no name provided>.invokeSuspend.<no name provided><T of com.prography.ui.common.GlobalUiManagerKt.GlobalUiHandler.<no name provided>.invokeSuspend.<no name provided>> declared in com.prography.ui.common.GlobalUiManagerKt.GlobalUiHandler.<no name provided>.invokeSuspend.<no name provided>' type=com.prography.ui.common.GlobalUiManagerKt.GlobalUiHandler.<no name provided>.invokeSuspend.<no name provided><T of com.prography.ui.common.GlobalUiManagerKt.GlobalUiHandler.<no name provided>.invokeSuspend.<no name provided>> origin=null
                            value: GET_VAR '$isLoading$delegate: androidx.compose.runtime.MutableState<kotlin.Boolean> declared in com.prography.ui.common.GlobalUiManagerKt.GlobalUiHandler.<no name provided>.invokeSuspend.<no name provided>.<init>' type=androidx.compose.runtime.MutableState<kotlin.Boolean> origin=null
                          SET_FIELD 'FIELD FIELD_FOR_CAPTURED_VALUE name:$toastMessage$delegate type:androidx.compose.runtime.MutableState<kotlin.String?> visibility:public/*package*/ [final] declared in com.prography.ui.common.GlobalUiManagerKt.GlobalUiHandler.<no name provided>.invokeSuspend.<no name provided>' type=kotlin.Unit origin=INITIALIZER_OF_FIELD_FOR_CAPTURED_VALUE
                            receiver: GET_VAR '<this>: com.prography.ui.common.GlobalUiManagerKt.GlobalUiHandler.<no name provided>.invokeSuspend.<no name provided><T of com.prography.ui.common.GlobalUiManagerKt.GlobalUiHandler.<no name provided>.invokeSuspend.<no name provided>> declared in com.prography.ui.common.GlobalUiManagerKt.GlobalUiHandler.<no name provided>.invokeSuspend.<no name provided>' type=com.prography.ui.common.GlobalUiManagerKt.GlobalUiHandler.<no name provided>.invokeSuspend.<no name provided><T of com.prography.ui.common.GlobalUiManagerKt.GlobalUiHandler.<no name provided>.invokeSuspend.<no name provided>> origin=null
                            value: GET_VAR '$toastMessage$delegate: androidx.compose.runtime.MutableState<kotlin.String?> declared in com.prography.ui.common.GlobalUiManagerKt.GlobalUiHandler.<no name provided>.invokeSuspend.<no name provided>.<init>' type=androidx.compose.runtime.MutableState<kotlin.String?> origin=null
                          DELEGATING_CONSTRUCTOR_CALL 'public constructor <init> () [primary] declared in kotlin.Any'
                          BLOCK type=kotlin.Unit origin=null
                      FUN name:emit visibility:public modality:FINAL <> ($this:com.prography.ui.common.GlobalUiManagerKt.GlobalUiHandler.<no name provided>.invokeSuspend.<no name provided><T of com.prography.ui.common.GlobalUiManagerKt.GlobalUiHandler.<no name provided>.invokeSuspend.<no name provided>>, event:com.prography.ui.common.UiEvent, $completion:kotlin.coroutines.Continuation<kotlin.Unit>) returnType:kotlin.Any? [suspend]
                        overridden:
                          public abstract fun emit (value: T of kotlinx.coroutines.flow.FlowCollector, $completion: kotlin.coroutines.Continuation<kotlin.Unit>): kotlin.Any? [suspend] declared in kotlinx.coroutines.flow.FlowCollector
                        $this: VALUE_PARAMETER INSTANCE_RECEIVER name:<this> type:com.prography.ui.common.GlobalUiManagerKt.GlobalUiHandler.<no name provided>.invokeSuspend.<no name provided><T of com.prography.ui.common.GlobalUiManagerKt.GlobalUiHandler.<no name provided>.invokeSuspend.<no name provided>>
                        VALUE_PARAMETER name:event index:0 type:com.prography.ui.common.UiEvent
                        VALUE_PARAMETER CONTINUATION_CLASS name:$completion index:1 type:kotlin.coroutines.Continuation<kotlin.Unit>
                        BLOCK_BODY
                          CLASS CONTINUATION_CLASS CLASS name:<Continuation> modality:FINAL visibility:public/*package*/ superTypes:[kotlin.coroutines.jvm.internal.ContinuationImpl]
                            $this: VALUE_PARAMETER INSTANCE_RECEIVER name:<this> type:com.prography.ui.common.GlobalUiManagerKt.GlobalUiHandler.<no name provided>.invokeSuspend.<no name provided>.emit.<Continuation>
                            FIELD CONTINUATION_CLASS_RESULT_FIELD name:result type:kotlin.Result<kotlin.Any?> visibility:public/*package*/
                            FIELD FIELD_FOR_OUTER_THIS name:this$0 type:com.prography.ui.common.GlobalUiManagerKt.GlobalUiHandler.<no name provided>.invokeSuspend.<no name provided><T of com.prography.ui.common.GlobalUiManagerKt.GlobalUiHandler.<no name provided>.invokeSuspend.<no name provided>> visibility:public/*package*/ [final]
                            FIELD name:label type:kotlin.Int visibility:public/*package*/
                            CONSTRUCTOR visibility:public/*package*/ <> (this$0:com.prography.ui.common.GlobalUiManagerKt.GlobalUiHandler.<no name provided>.invokeSuspend.<no name provided><T of com.prography.ui.common.GlobalUiManagerKt.GlobalUiHandler.<no name provided>.invokeSuspend.<no name provided>>, $completion:kotlin.coroutines.Continuation<com.prography.ui.common.GlobalUiManagerKt.GlobalUiHandler.<no name provided>.invokeSuspend.<no name provided>.emit.<Continuation>>?) returnType:com.prography.ui.common.GlobalUiManagerKt.GlobalUiHandler.<no name provided>.invokeSuspend.<no name provided>.emit.<Continuation> [primary]
                              VALUE_PARAMETER name:this$0 index:0 type:com.prography.ui.common.GlobalUiManagerKt.GlobalUiHandler.<no name provided>.invokeSuspend.<no name provided><T of com.prography.ui.common.GlobalUiManagerKt.GlobalUiHandler.<no name provided>.invokeSuspend.<no name provided>>
                              VALUE_PARAMETER name:$completion index:1 type:kotlin.coroutines.Continuation<com.prography.ui.common.GlobalUiManagerKt.GlobalUiHandler.<no name provided>.invokeSuspend.<no name provided>.emit.<Continuation>>?
                              BLOCK_BODY
                                SET_FIELD 'FIELD FIELD_FOR_OUTER_THIS name:this$0 type:com.prography.ui.common.GlobalUiManagerKt.GlobalUiHandler.<no name provided>.invokeSuspend.<no name provided><T of com.prography.ui.common.GlobalUiManagerKt.GlobalUiHandler.<no name provided>.invokeSuspend.<no name provided>> visibility:public/*package*/ [final] declared in com.prography.ui.common.GlobalUiManagerKt.GlobalUiHandler.<no name provided>.invokeSuspend.<no name provided>.emit.<Continuation>' type=kotlin.Unit origin=null
                                  receiver: GET_VAR '<this>: com.prography.ui.common.GlobalUiManagerKt.GlobalUiHandler.<no name provided>.invokeSuspend.<no name provided>.emit.<Continuation> declared in com.prography.ui.common.GlobalUiManagerKt.GlobalUiHandler.<no name provided>.invokeSuspend.<no name provided>.emit.<Continuation>' type=com.prography.ui.common.GlobalUiManagerKt.GlobalUiHandler.<no name provided>.invokeSuspend.<no name provided>.emit.<Continuation> origin=null
                                  value: GET_VAR 'this$0: com.prography.ui.common.GlobalUiManagerKt.GlobalUiHandler.<no name provided>.invokeSuspend.<no name provided><T of com.prography.ui.common.GlobalUiManagerKt.GlobalUiHandler.<no name provided>.invokeSuspend.<no name provided>> declared in com.prography.ui.common.GlobalUiManagerKt.GlobalUiHandler.<no name provided>.invokeSuspend.<no name provided>.emit.<Continuation>.<init>' type=com.prography.ui.common.GlobalUiManagerKt.GlobalUiHandler.<no name provided>.invokeSuspend.<no name provided><T of com.prography.ui.common.GlobalUiManagerKt.GlobalUiHandler.<no name provided>.invokeSuspend.<no name provided>> origin=null
                                DELEGATING_CONSTRUCTOR_CALL 'public constructor <init> ($completion: kotlin.coroutines.Continuation<kotlin.Any?>?) declared in kotlin.coroutines.jvm.internal.ContinuationImpl'
                                  $completion: GET_VAR '$completion: kotlin.coroutines.Continuation<com.prography.ui.common.GlobalUiManagerKt.GlobalUiHandler.<no name provided>.invokeSuspend.<no name provided>.emit.<Continuation>>? declared in com.prography.ui.common.GlobalUiManagerKt.GlobalUiHandler.<no name provided>.invokeSuspend.<no name provided>.emit.<Continuation>.<init>' type=kotlin.coroutines.Continuation<com.prography.ui.common.GlobalUiManagerKt.GlobalUiHandler.<no name provided>.invokeSuspend.<no name provided>.emit.<Continuation>>? origin=null
                            FUN name:invokeSuspend visibility:public modality:FINAL <> ($this:com.prography.ui.common.GlobalUiManagerKt.GlobalUiHandler.<no name provided>.invokeSuspend.<no name provided>.emit.<Continuation>, $result:kotlin.Result<kotlin.Any?>) returnType:kotlin.Any?
                              overridden:
                                public abstract fun invokeSuspend ($result: kotlin.Result<kotlin.Any?>): kotlin.Any? declared in kotlin.coroutines.jvm.internal.ContinuationImpl
                              $this: VALUE_PARAMETER INSTANCE_RECEIVER name:<this> type:com.prography.ui.common.GlobalUiManagerKt.GlobalUiHandler.<no name provided>.invokeSuspend.<no name provided>.emit.<Continuation>
                              VALUE_PARAMETER name:$result index:0 type:kotlin.Result<kotlin.Any?>
                              BLOCK_BODY
                                SET_FIELD 'FIELD CONTINUATION_CLASS_RESULT_FIELD name:result type:kotlin.Result<kotlin.Any?> visibility:public/*package*/ declared in com.prography.ui.common.GlobalUiManagerKt.GlobalUiHandler.<no name provided>.invokeSuspend.<no name provided>.emit.<Continuation>' type=kotlin.Unit origin=null
                                  receiver: GET_VAR '<this>: com.prography.ui.common.GlobalUiManagerKt.GlobalUiHandler.<no name provided>.invokeSuspend.<no name provided>.emit.<Continuation> declared in com.prography.ui.common.GlobalUiManagerKt.GlobalUiHandler.<no name provided>.invokeSuspend.<no name provided>.emit.<Continuation>.invokeSuspend' type=com.prography.ui.common.GlobalUiManagerKt.GlobalUiHandler.<no name provided>.invokeSuspend.<no name provided>.emit.<Continuation> origin=null
                                  value: GET_VAR '$result: kotlin.Result<kotlin.Any?> declared in com.prography.ui.common.GlobalUiManagerKt.GlobalUiHandler.<no name provided>.invokeSuspend.<no name provided>.emit.<Continuation>.invokeSuspend' type=kotlin.Result<kotlin.Any?> origin=null
                                SET_FIELD 'FIELD name:label type:kotlin.Int visibility:public/*package*/ declared in com.prography.ui.common.GlobalUiManagerKt.GlobalUiHandler.<no name provided>.invokeSuspend.<no name provided>.emit.<Continuation>' type=kotlin.Unit origin=null
                                  receiver: GET_VAR '<this>: com.prography.ui.common.GlobalUiManagerKt.GlobalUiHandler.<no name provided>.invokeSuspend.<no name provided>.emit.<Continuation> declared in com.prography.ui.common.GlobalUiManagerKt.GlobalUiHandler.<no name provided>.invokeSuspend.<no name provided>.emit.<Continuation>.invokeSuspend' type=com.prography.ui.common.GlobalUiManagerKt.GlobalUiHandler.<no name provided>.invokeSuspend.<no name provided>.emit.<Continuation> origin=null
                                  value: CALL 'public final fun or (other: kotlin.Int): kotlin.Int [infix] declared in kotlin.Int' type=kotlin.Int origin=null
                                    $this: GET_FIELD 'FIELD name:label type:kotlin.Int visibility:public/*package*/ declared in com.prography.ui.common.GlobalUiManagerKt.GlobalUiHandler.<no name provided>.invokeSuspend.<no name provided>.emit.<Continuation>' type=kotlin.Int origin=null
                                      receiver: GET_VAR '<this>: com.prography.ui.common.GlobalUiManagerKt.GlobalUiHandler.<no name provided>.invokeSuspend.<no name provided>.emit.<Continuation> declared in com.prography.ui.common.GlobalUiManagerKt.GlobalUiHandler.<no name provided>.invokeSuspend.<no name provided>.emit.<Continuation>.invokeSuspend' type=com.prography.ui.common.GlobalUiManagerKt.GlobalUiHandler.<no name provided>.invokeSuspend.<no name provided>.emit.<Continuation> origin=null
                                    other: CONST Int type=kotlin.Int value=-2147483648
                                RETURN type=kotlin.Nothing from='public final fun invokeSuspend ($result: kotlin.Result<kotlin.Any?>): kotlin.Any? declared in com.prography.ui.common.GlobalUiManagerKt.GlobalUiHandler.<no name provided>.invokeSuspend.<no name provided>.emit.<Continuation>'
                                  CALL 'public final fun emit (event: com.prography.ui.common.UiEvent, $completion: kotlin.coroutines.Continuation<kotlin.Unit>): kotlin.Any? [suspend] declared in com.prography.ui.common.GlobalUiManagerKt.GlobalUiHandler.<no name provided>.invokeSuspend.<no name provided>' type=kotlin.Any? origin=null
                                    $this: GET_FIELD 'FIELD FIELD_FOR_OUTER_THIS name:this$0 type:com.prography.ui.common.GlobalUiManagerKt.GlobalUiHandler.<no name provided>.invokeSuspend.<no name provided><T of com.prography.ui.common.GlobalUiManagerKt.GlobalUiHandler.<no name provided>.invokeSuspend.<no name provided>> visibility:public/*package*/ [final] declared in com.prography.ui.common.GlobalUiManagerKt.GlobalUiHandler.<no name provided>.invokeSuspend.<no name provided>.emit.<Continuation>' type=com.prography.ui.common.GlobalUiManagerKt.GlobalUiHandler.<no name provided>.invokeSuspend.<no name provided><T of com.prography.ui.common.GlobalUiManagerKt.GlobalUiHandler.<no name provided>.invokeSuspend.<no name provided>> origin=null
                                      receiver: GET_VAR '<this>: com.prography.ui.common.GlobalUiManagerKt.GlobalUiHandler.<no name provided>.invokeSuspend.<no name provided>.emit.<Continuation> declared in com.prography.ui.common.GlobalUiManagerKt.GlobalUiHandler.<no name provided>.invokeSuspend.<no name provided>.emit.<Continuation>.invokeSuspend' type=com.prography.ui.common.GlobalUiManagerKt.GlobalUiHandler.<no name provided>.invokeSuspend.<no name provided>.emit.<Continuation> origin=null
                                    event: CONST Null type=com.prography.ui.common.UiEvent? value=null
                                    $completion: GET_VAR '<this>: com.prography.ui.common.GlobalUiManagerKt.GlobalUiHandler.<no name provided>.invokeSuspend.<no name provided>.emit.<Continuation> declared in com.prography.ui.common.GlobalUiManagerKt.GlobalUiHandler.<no name provided>.invokeSuspend.<no name provided>.emit.<Continuation>.invokeSuspend' type=com.prography.ui.common.GlobalUiManagerKt.GlobalUiHandler.<no name provided>.invokeSuspend.<no name provided>.emit.<Continuation> origin=null
                          BLOCK type=kotlin.Unit origin=WHEN
                            VAR IR_TEMPORARY_VARIABLE name:tmp0_subject type:com.prography.ui.common.UiEvent [val]
                              GET_VAR 'event: com.prography.ui.common.UiEvent declared in com.prography.ui.common.GlobalUiManagerKt.GlobalUiHandler.<no name provided>.invokeSuspend.<no name provided>.emit' type=com.prography.ui.common.UiEvent origin=null
                            WHEN type=kotlin.Unit origin=WHEN
                              BRANCH
                                if: TYPE_OP type=kotlin.Boolean origin=INSTANCEOF typeOperand=com.prography.ui.common.UiEvent.ShowLoading
                                  GET_VAR 'val tmp0_subject: com.prography.ui.common.UiEvent [val] declared in com.prography.ui.common.GlobalUiManagerKt.GlobalUiHandler.<no name provided>.invokeSuspend.<no name provided>.emit' type=com.prography.ui.common.UiEvent origin=null
                                then: CALL 'public final fun access$GlobalUiHandler$lambda$2 ($isLoading$delegate: androidx.compose.runtime.MutableState<kotlin.Boolean>, <set-?>: kotlin.Boolean): kotlin.Unit declared in com.prography.ui.common.GlobalUiManagerKt' type=kotlin.Unit origin=EQ
                                  $isLoading$delegate: GET_FIELD 'FIELD FIELD_FOR_CAPTURED_VALUE name:$isLoading$delegate type:androidx.compose.runtime.MutableState<kotlin.Boolean> visibility:public/*package*/ [final] declared in com.prography.ui.common.GlobalUiManagerKt.GlobalUiHandler.<no name provided>.invokeSuspend.<no name provided>' type=androidx.compose.runtime.MutableState<kotlin.Boolean> origin=null
                                    receiver: GET_VAR '<this>: com.prography.ui.common.GlobalUiManagerKt.GlobalUiHandler.<no name provided>.invokeSuspend.<no name provided><T of com.prography.ui.common.GlobalUiManagerKt.GlobalUiHandler.<no name provided>.invokeSuspend.<no name provided>> declared in com.prography.ui.common.GlobalUiManagerKt.GlobalUiHandler.<no name provided>.invokeSuspend.<no name provided>.emit' type=com.prography.ui.common.GlobalUiManagerKt.GlobalUiHandler.<no name provided>.invokeSuspend.<no name provided><T of com.prography.ui.common.GlobalUiManagerKt.GlobalUiHandler.<no name provided>.invokeSuspend.<no name provided>> origin=null
                                  <set-?>: CONST Boolean type=kotlin.Boolean value=true
                              BRANCH
                                if: TYPE_OP type=kotlin.Boolean origin=INSTANCEOF typeOperand=com.prography.ui.common.UiEvent.HideLoading
                                  GET_VAR 'val tmp0_subject: com.prography.ui.common.UiEvent [val] declared in com.prography.ui.common.GlobalUiManagerKt.GlobalUiHandler.<no name provided>.invokeSuspend.<no name provided>.emit' type=com.prography.ui.common.UiEvent origin=null
                                then: CALL 'public final fun access$GlobalUiHandler$lambda$2 ($isLoading$delegate: androidx.compose.runtime.MutableState<kotlin.Boolean>, <set-?>: kotlin.Boolean): kotlin.Unit declared in com.prography.ui.common.GlobalUiManagerKt' type=kotlin.Unit origin=EQ
                                  $isLoading$delegate: GET_FIELD 'FIELD FIELD_FOR_CAPTURED_VALUE name:$isLoading$delegate type:androidx.compose.runtime.MutableState<kotlin.Boolean> visibility:public/*package*/ [final] declared in com.prography.ui.common.GlobalUiManagerKt.GlobalUiHandler.<no name provided>.invokeSuspend.<no name provided>' type=androidx.compose.runtime.MutableState<kotlin.Boolean> origin=null
                                    receiver: GET_VAR '<this>: com.prography.ui.common.GlobalUiManagerKt.GlobalUiHandler.<no name provided>.invokeSuspend.<no name provided><T of com.prography.ui.common.GlobalUiManagerKt.GlobalUiHandler.<no name provided>.invokeSuspend.<no name provided>> declared in com.prography.ui.common.GlobalUiManagerKt.GlobalUiHandler.<no name provided>.invokeSuspend.<no name provided>.emit' type=com.prography.ui.common.GlobalUiManagerKt.GlobalUiHandler.<no name provided>.invokeSuspend.<no name provided><T of com.prography.ui.common.GlobalUiManagerKt.GlobalUiHandler.<no name provided>.invokeSuspend.<no name provided>> origin=null
                                  <set-?>: CONST Boolean type=kotlin.Boolean value=false
                              BRANCH
                                if: TYPE_OP type=kotlin.Boolean origin=INSTANCEOF typeOperand=com.prography.ui.common.UiEvent.ShowToast
                                  GET_VAR 'val tmp0_subject: com.prography.ui.common.UiEvent [val] declared in com.prography.ui.common.GlobalUiManagerKt.GlobalUiHandler.<no name provided>.invokeSuspend.<no name provided>.emit' type=com.prography.ui.common.UiEvent origin=null
                                then: CALL 'public final fun access$GlobalUiHandler$lambda$5 ($toastMessage$delegate: androidx.compose.runtime.MutableState<kotlin.String?>, <set-?>: kotlin.String?): kotlin.Unit declared in com.prography.ui.common.GlobalUiManagerKt' type=kotlin.Unit origin=EQ
                                  $toastMessage$delegate: GET_FIELD 'FIELD FIELD_FOR_CAPTURED_VALUE name:$toastMessage$delegate type:androidx.compose.runtime.MutableState<kotlin.String?> visibility:public/*package*/ [final] declared in com.prography.ui.common.GlobalUiManagerKt.GlobalUiHandler.<no name provided>.invokeSuspend.<no name provided>' type=androidx.compose.runtime.MutableState<kotlin.String?> origin=null
                                    receiver: GET_VAR '<this>: com.prography.ui.common.GlobalUiManagerKt.GlobalUiHandler.<no name provided>.invokeSuspend.<no name provided><T of com.prography.ui.common.GlobalUiManagerKt.GlobalUiHandler.<no name provided>.invokeSuspend.<no name provided>> declared in com.prography.ui.common.GlobalUiManagerKt.GlobalUiHandler.<no name provided>.invokeSuspend.<no name provided>.emit' type=com.prography.ui.common.GlobalUiManagerKt.GlobalUiHandler.<no name provided>.invokeSuspend.<no name provided><T of com.prography.ui.common.GlobalUiManagerKt.GlobalUiHandler.<no name provided>.invokeSuspend.<no name provided>> origin=null
                                  <set-?>: CALL 'public final fun <get-message> (): kotlin.String declared in com.prography.ui.common.UiEvent.ShowToast' type=kotlin.String origin=GET_PROPERTY
                                    $this: TYPE_OP type=com.prography.ui.common.UiEvent.ShowToast origin=IMPLICIT_CAST typeOperand=com.prography.ui.common.UiEvent.ShowToast
                                      GET_VAR 'event: com.prography.ui.common.UiEvent declared in com.prography.ui.common.GlobalUiManagerKt.GlobalUiHandler.<no name provided>.invokeSuspend.<no name provided>.emit' type=com.prography.ui.common.UiEvent origin=null
                              BRANCH
                                if: CONST Boolean type=kotlin.Boolean value=true
                                then: BLOCK type=kotlin.Nothing origin=null
                                  CALL 'public final fun noWhenBranchMatchedException (): kotlin.Nothing declared in kotlin.internal.ir' type=kotlin.Nothing origin=null
                                  CALL 'public final fun throwKotlinNothingValueException (): kotlin.Nothing declared in kotlin.jvm.internal.Intrinsics' type=kotlin.Nothing origin=null
                      FUN FAKE_OVERRIDE name:equals visibility:public modality:OPEN <> ($this:kotlin.Any, other:kotlin.Any?) returnType:kotlin.Boolean [fake_override,operator]
                        overridden:
                          public open fun equals (other: kotlin.Any?): kotlin.Boolean [fake_override,operator] declared in kotlinx.coroutines.flow.FlowCollector
                        $this: VALUE_PARAMETER name:<this> type:kotlin.Any
                        VALUE_PARAMETER name:other index:0 type:kotlin.Any?
                      FUN FAKE_OVERRIDE name:hashCode visibility:public modality:OPEN <> ($this:kotlin.Any) returnType:kotlin.Int [fake_override]
                        overridden:
                          public open fun hashCode (): kotlin.Int [fake_override] declared in kotlinx.coroutines.flow.FlowCollector
                        $this: VALUE_PARAMETER name:<this> type:kotlin.Any
                      FUN FAKE_OVERRIDE name:toString visibility:public modality:OPEN <> ($this:kotlin.Any) returnType:kotlin.String [fake_override]
                        overridden:
                          public open fun toString (): kotlin.String [fake_override] declared in kotlinx.coroutines.flow.FlowCollector
                        $this: VALUE_PARAMETER name:<this> type:kotlin.Any
                      FIELD FIELD_FOR_CAPTURED_VALUE name:$isLoading$delegate type:androidx.compose.runtime.MutableState<kotlin.Boolean> visibility:public/*package*/ [final]
                      FIELD FIELD_FOR_CAPTURED_VALUE name:$toastMessage$delegate type:androidx.compose.runtime.MutableState<kotlin.String?> visibility:public/*package*/ [final]
                      FUN BRIDGE name:emit visibility:public modality:OPEN <> ($this:com.prography.ui.common.GlobalUiManagerKt.GlobalUiHandler.<no name provided>.invokeSuspend.<no name provided><T of com.prography.ui.common.GlobalUiManagerKt.GlobalUiHandler.<no name provided>.invokeSuspend.<no name provided>>, value:kotlin.Any?, $completion:kotlin.coroutines.Continuation<kotlin.Unit>) returnType:kotlin.Any? [suspend]
                        $this: VALUE_PARAMETER INSTANCE_RECEIVER name:<this> type:com.prography.ui.common.GlobalUiManagerKt.GlobalUiHandler.<no name provided>.invokeSuspend.<no name provided><T of com.prography.ui.common.GlobalUiManagerKt.GlobalUiHandler.<no name provided>.invokeSuspend.<no name provided>>
                        VALUE_PARAMETER BRIDGE name:value index:0 type:kotlin.Any?
                        VALUE_PARAMETER BRIDGE name:$completion index:1 type:kotlin.coroutines.Continuation<kotlin.Unit>
                        EXPRESSION_BODY
                          RETURN type=kotlin.Nothing from='public open fun emit (value: kotlin.Any?, $completion: kotlin.coroutines.Continuation<kotlin.Unit>): kotlin.Any? [suspend] declared in com.prography.ui.common.GlobalUiManagerKt.GlobalUiHandler.<no name provided>.invokeSuspend.<no name provided>'
                            CALL 'public final fun emit (event: com.prography.ui.common.UiEvent, $completion: kotlin.coroutines.Continuation<kotlin.Unit>): kotlin.Any? [suspend] declared in com.prography.ui.common.GlobalUiManagerKt.GlobalUiHandler.<no name provided>.invokeSuspend.<no name provided>' type=kotlin.Any? origin=BRIDGE_DELEGATION
                              $this: GET_VAR '<this>: com.prography.ui.common.GlobalUiManagerKt.GlobalUiHandler.<no name provided>.invokeSuspend.<no name provided><T of com.prography.ui.common.GlobalUiManagerKt.GlobalUiHandler.<no name provided>.invokeSuspend.<no name provided>> declared in com.prography.ui.common.GlobalUiManagerKt.GlobalUiHandler.<no name provided>.invokeSuspend.<no name provided>.emit' type=com.prography.ui.common.GlobalUiManagerKt.GlobalUiHandler.<no name provided>.invokeSuspend.<no name provided><T of com.prography.ui.common.GlobalUiManagerKt.GlobalUiHandler.<no name provided>.invokeSuspend.<no name provided>> origin=null
                              event: TYPE_OP type=com.prography.ui.common.UiEvent origin=IMPLICIT_CAST typeOperand=com.prography.ui.common.UiEvent
                                GET_VAR 'value: kotlin.Any? declared in com.prography.ui.common.GlobalUiManagerKt.GlobalUiHandler.<no name provided>.invokeSuspend.<no name provided>.emit' type=kotlin.Any? origin=null
                              $completion: TYPE_OP type=kotlin.coroutines.Continuation<*> origin=IMPLICIT_CAST typeOperand=kotlin.coroutines.Continuation<*>
                                GET_VAR '$completion: kotlin.coroutines.Continuation<kotlin.Unit> declared in com.prography.ui.common.GlobalUiManagerKt.GlobalUiHandler.<no name provided>.invokeSuspend.<no name provided>.emit' type=kotlin.coroutines.Continuation<kotlin.Unit> origin=null
                    CONSTRUCTOR_CALL 'public/*package*/ constructor <init> ($isLoading$delegate: androidx.compose.runtime.MutableState<kotlin.Boolean>, $toastMessage$delegate: androidx.compose.runtime.MutableState<kotlin.String?>) [primary] declared in com.prography.ui.common.GlobalUiManagerKt.GlobalUiHandler.<no name provided>.invokeSuspend.<no name provided>' type=com.prography.ui.common.GlobalUiManagerKt.GlobalUiHandler.<no name provided>.invokeSuspend.<no name provided><T of com.prography.ui.common.GlobalUiManagerKt.GlobalUiHandler.<no name provided>.invokeSuspend.<no name provided>> origin=null
                      <class: T>: <none>
                      $isLoading$delegate: GET_FIELD 'FIELD FIELD_FOR_CAPTURED_VALUE name:$isLoading$delegate type:androidx.compose.runtime.MutableState<kotlin.Boolean> visibility:public/*package*/ [final] declared in com.prography.ui.common.GlobalUiManagerKt.GlobalUiHandler.<no name provided>' type=androidx.compose.runtime.MutableState<kotlin.Boolean> origin=null
                        receiver: GET_VAR '<this>: com.prography.ui.common.GlobalUiManagerKt.GlobalUiHandler.<no name provided> declared in com.prography.ui.common.GlobalUiManagerKt.GlobalUiHandler.<no name provided>.invokeSuspend' type=com.prography.ui.common.GlobalUiManagerKt.GlobalUiHandler.<no name provided> origin=null
                      $toastMessage$delegate: GET_FIELD 'FIELD FIELD_FOR_CAPTURED_VALUE name:$toastMessage$delegate type:androidx.compose.runtime.MutableState<kotlin.String?> visibility:public/*package*/ [final] declared in com.prography.ui.common.GlobalUiManagerKt.GlobalUiHandler.<no name provided>' type=androidx.compose.runtime.MutableState<kotlin.String?> origin=null
                        receiver: GET_VAR '<this>: com.prography.ui.common.GlobalUiManagerKt.GlobalUiHandler.<no name provided> declared in com.prography.ui.common.GlobalUiManagerKt.GlobalUiHandler.<no name provided>.invokeSuspend' type=com.prography.ui.common.GlobalUiManagerKt.GlobalUiHandler.<no name provided> origin=null
                  $completion: GET_VAR '<this>: com.prography.ui.common.GlobalUiManagerKt.GlobalUiHandler.<no name provided> declared in com.prography.ui.common.GlobalUiManagerKt.GlobalUiHandler.<no name provided>.invokeSuspend' type=com.prography.ui.common.GlobalUiManagerKt.GlobalUiHandler.<no name provided> origin=null
                CALL 'public final fun throwKotlinNothingValueException (): kotlin.Nothing declared in kotlin.jvm.internal.Intrinsics' type=kotlin.Nothing origin=null
          FUN name:create visibility:public modality:FINAL <> ($this:com.prography.ui.common.GlobalUiManagerKt.GlobalUiHandler.<no name provided>, value:kotlin.Any?, $completion:kotlin.coroutines.Continuation<kotlin.Nothing>) returnType:kotlin.coroutines.Continuation<kotlin.Unit>
            overridden:
              public open fun create (value: kotlin.Any?, $completion: kotlin.coroutines.Continuation<kotlin.Nothing>): kotlin.coroutines.Continuation<kotlin.Unit> declared in kotlin.coroutines.jvm.internal.SuspendLambda
            $this: VALUE_PARAMETER INSTANCE_RECEIVER name:<this> type:com.prography.ui.common.GlobalUiManagerKt.GlobalUiHandler.<no name provided>
            VALUE_PARAMETER name:value index:0 type:kotlin.Any?
            VALUE_PARAMETER name:$completion index:1 type:kotlin.coroutines.Continuation<kotlin.Nothing>
            BLOCK_BODY
              RETURN type=kotlin.Nothing from='public final fun create (value: kotlin.Any?, $completion: kotlin.coroutines.Continuation<kotlin.Nothing>): kotlin.coroutines.Continuation<kotlin.Unit> declared in com.prography.ui.common.GlobalUiManagerKt.GlobalUiHandler.<no name provided>'
                CONSTRUCTOR_CALL 'public/*package*/ constructor <init> ($isLoading$delegate: androidx.compose.runtime.MutableState<kotlin.Boolean>, $toastMessage$delegate: androidx.compose.runtime.MutableState<kotlin.String?>, $completion: kotlin.coroutines.Continuation<com.prography.ui.common.GlobalUiManagerKt.GlobalUiHandler.<no name provided>>?) [primary] declared in com.prography.ui.common.GlobalUiManagerKt.GlobalUiHandler.<no name provided>' type=com.prography.ui.common.GlobalUiManagerKt.GlobalUiHandler.<no name provided> origin=null
                  $isLoading$delegate: GET_FIELD 'FIELD FIELD_FOR_CAPTURED_VALUE name:$isLoading$delegate type:androidx.compose.runtime.MutableState<kotlin.Boolean> visibility:public/*package*/ [final] declared in com.prography.ui.common.GlobalUiManagerKt.GlobalUiHandler.<no name provided>' type=androidx.compose.runtime.MutableState<kotlin.Boolean> origin=null
                    receiver: GET_VAR '<this>: com.prography.ui.common.GlobalUiManagerKt.GlobalUiHandler.<no name provided> declared in com.prography.ui.common.GlobalUiManagerKt.GlobalUiHandler.<no name provided>.create' type=com.prography.ui.common.GlobalUiManagerKt.GlobalUiHandler.<no name provided> origin=null
                  $toastMessage$delegate: GET_FIELD 'FIELD FIELD_FOR_CAPTURED_VALUE name:$toastMessage$delegate type:androidx.compose.runtime.MutableState<kotlin.String?> visibility:public/*package*/ [final] declared in com.prography.ui.common.GlobalUiManagerKt.GlobalUiHandler.<no name provided>' type=androidx.compose.runtime.MutableState<kotlin.String?> origin=null
                    receiver: GET_VAR '<this>: com.prography.ui.common.GlobalUiManagerKt.GlobalUiHandler.<no name provided> declared in com.prography.ui.common.GlobalUiManagerKt.GlobalUiHandler.<no name provided>.create' type=com.prography.ui.common.GlobalUiManagerKt.GlobalUiHandler.<no name provided> origin=null
                  $completion: GET_VAR '$completion: kotlin.coroutines.Continuation<kotlin.Nothing> declared in com.prography.ui.common.GlobalUiManagerKt.GlobalUiHandler.<no name provided>.create' type=kotlin.coroutines.Continuation<kotlin.Nothing> origin=null
          FUN name:invoke visibility:public modality:FINAL <> ($this:com.prography.ui.common.GlobalUiManagerKt.GlobalUiHandler.<no name provided>, p1:kotlinx.coroutines.CoroutineScope, p2:kotlin.coroutines.Continuation<kotlin.Unit>?) returnType:kotlin.Any?
            overridden:
              public abstract fun invoke (p1: P1 of kotlin.jvm.functions.Function2, p2: P2 of kotlin.jvm.functions.Function2): R of kotlin.jvm.functions.Function2 declared in kotlin.jvm.functions.Function2
            $this: VALUE_PARAMETER INSTANCE_RECEIVER name:<this> type:com.prography.ui.common.GlobalUiManagerKt.GlobalUiHandler.<no name provided>
            VALUE_PARAMETER name:p1 index:0 type:kotlinx.coroutines.CoroutineScope
            VALUE_PARAMETER name:p2 index:1 type:kotlin.coroutines.Continuation<kotlin.Unit>?
            BLOCK_BODY
              RETURN type=kotlin.Nothing from='public final fun invoke (p1: kotlinx.coroutines.CoroutineScope, p2: kotlin.coroutines.Continuation<kotlin.Unit>?): kotlin.Any? declared in com.prography.ui.common.GlobalUiManagerKt.GlobalUiHandler.<no name provided>'
                CALL 'public final fun invokeSuspend ($result: kotlin.Result<kotlin.Any?>): kotlin.Any? declared in com.prography.ui.common.GlobalUiManagerKt.GlobalUiHandler.<no name provided>' type=kotlin.Any? origin=null
                  $this: TYPE_OP type=com.prography.ui.common.GlobalUiManagerKt.GlobalUiHandler.<no name provided> origin=IMPLICIT_CAST typeOperand=com.prography.ui.common.GlobalUiManagerKt.GlobalUiHandler.<no name provided>
                    CALL 'public final fun create (value: kotlin.Any?, $completion: kotlin.coroutines.Continuation<kotlin.Nothing>): kotlin.coroutines.Continuation<kotlin.Unit> declared in com.prography.ui.common.GlobalUiManagerKt.GlobalUiHandler.<no name provided>' type=kotlin.coroutines.Continuation<kotlin.Unit> origin=null
                      $this: GET_VAR '<this>: com.prography.ui.common.GlobalUiManagerKt.GlobalUiHandler.<no name provided> declared in com.prography.ui.common.GlobalUiManagerKt.GlobalUiHandler.<no name provided>.invoke' type=com.prography.ui.common.GlobalUiManagerKt.GlobalUiHandler.<no name provided> origin=null
                      value: GET_VAR 'p1: kotlinx.coroutines.CoroutineScope declared in com.prography.ui.common.GlobalUiManagerKt.GlobalUiHandler.<no name provided>.invoke' type=kotlinx.coroutines.CoroutineScope origin=null
                      $completion: GET_VAR 'p2: kotlin.coroutines.Continuation<kotlin.Unit>? declared in com.prography.ui.common.GlobalUiManagerKt.GlobalUiHandler.<no name provided>.invoke' type=kotlin.coroutines.Continuation<kotlin.Unit>? origin=null
                  $result: CALL 'public final fun <unsafe-coerce> <T, R> (v: T of kotlin.jvm.internal.<unsafe-coerce>): R of kotlin.jvm.internal.<unsafe-coerce> declared in kotlin.jvm.internal' type=kotlin.Result<kotlin.Any?> origin=null
                    <T>: kotlin.Any?
                    <R>: kotlin.Result<kotlin.Any?>
                    v: GET_FIELD 'FIELD FIELD_FOR_OBJECT_INSTANCE name:INSTANCE type:kotlin.Unit visibility:public [final,static] declared in kotlin.Unit' type=kotlin.Unit origin=null
          FIELD FIELD_FOR_CAPTURED_VALUE name:$isLoading$delegate type:androidx.compose.runtime.MutableState<kotlin.Boolean> visibility:public/*package*/ [final]
          FIELD FIELD_FOR_CAPTURED_VALUE name:$toastMessage$delegate type:androidx.compose.runtime.MutableState<kotlin.String?> visibility:public/*package*/ [final]
          FUN BRIDGE name:invoke visibility:public modality:OPEN <> ($this:com.prography.ui.common.GlobalUiManagerKt.GlobalUiHandler.<no name provided>, p1:kotlin.Any?, p2:kotlin.Any?) returnType:kotlin.Any?
            $this: VALUE_PARAMETER INSTANCE_RECEIVER name:<this> type:com.prography.ui.common.GlobalUiManagerKt.GlobalUiHandler.<no name provided>
            VALUE_PARAMETER BRIDGE name:p1 index:0 type:kotlin.Any?
            VALUE_PARAMETER BRIDGE name:p2 index:1 type:kotlin.Any?
            EXPRESSION_BODY
              RETURN type=kotlin.Nothing from='public open fun invoke (p1: kotlin.Any?, p2: kotlin.Any?): kotlin.Any? declared in com.prography.ui.common.GlobalUiManagerKt.GlobalUiHandler.<no name provided>'
                CALL 'public final fun invoke (p1: kotlinx.coroutines.CoroutineScope, p2: kotlin.coroutines.Continuation<kotlin.Unit>?): kotlin.Any? declared in com.prography.ui.common.GlobalUiManagerKt.GlobalUiHandler.<no name provided>' type=kotlin.Any? origin=BRIDGE_DELEGATION
                  $this: GET_VAR '<this>: com.prography.ui.common.GlobalUiManagerKt.GlobalUiHandler.<no name provided> declared in com.prography.ui.common.GlobalUiManagerKt.GlobalUiHandler.<no name provided>.invoke' type=com.prography.ui.common.GlobalUiManagerKt.GlobalUiHandler.<no name provided> origin=null
                  p1: TYPE_OP type=kotlinx.coroutines.CoroutineScope origin=IMPLICIT_CAST typeOperand=kotlinx.coroutines.CoroutineScope
                    GET_VAR 'p1: kotlin.Any? declared in com.prography.ui.common.GlobalUiManagerKt.GlobalUiHandler.<no name provided>.invoke' type=kotlin.Any? origin=null
                  p2: TYPE_OP type=kotlin.coroutines.Continuation<*> origin=IMPLICIT_CAST typeOperand=kotlin.coroutines.Continuation<*>
                    GET_VAR 'p2: kotlin.Any? declared in com.prography.ui.common.GlobalUiManagerKt.GlobalUiHandler.<no name provided>.invoke' type=kotlin.Any? origin=null
        CONSTRUCTOR_CALL 'public/*package*/ constructor <init> ($isLoading$delegate: androidx.compose.runtime.MutableState<kotlin.Boolean>, $toastMessage$delegate: androidx.compose.runtime.MutableState<kotlin.String?>, $completion: kotlin.coroutines.Continuation<com.prography.ui.common.GlobalUiManagerKt.GlobalUiHandler.<no name provided>>?) [primary] declared in com.prography.ui.common.GlobalUiManagerKt.GlobalUiHandler.<no name provided>' type=com.prography.ui.common.GlobalUiManagerKt.GlobalUiHandler.<no name provided> origin=null
          $isLoading$delegate: GET_VAR 'val isLoading$delegate: androidx.compose.runtime.MutableState<kotlin.Boolean> [val] declared in com.prography.ui.common.GlobalUiManagerKt.GlobalUiHandler' type=androidx.compose.runtime.MutableState<kotlin.Boolean> origin=null
          $toastMessage$delegate: GET_VAR 'val toastMessage$delegate: androidx.compose.runtime.MutableState<kotlin.String?> [val] declared in com.prography.ui.common.GlobalUiManagerKt.GlobalUiHandler' type=androidx.compose.runtime.MutableState<kotlin.String?> origin=null
          $completion: CONST Null type=kotlin.Nothing? value=null
    COMPOSITE type=kotlin.Unit origin=null
      BLOCK type=kotlin.Unit? origin=FOLDED_SAFE_CALL
        WHEN type=kotlin.Unit? origin=FOLDED_SAFE_CALL
          BRANCH
            if: COMPOSITE type=kotlin.Boolean origin=null
              VAR IR_TEMPORARY_VARIABLE name:tmp0_safe_receiver type:kotlin.String? [val]
                CALL 'private final fun GlobalUiHandler$lambda$4 ($toastMessage$delegate: androidx.compose.runtime.MutableState<kotlin.String?>): kotlin.String? declared in com.prography.ui.common.GlobalUiManagerKt' type=kotlin.String? origin=GET_LOCAL_PROPERTY
                  $toastMessage$delegate: GET_VAR 'val toastMessage$delegate: androidx.compose.runtime.MutableState<kotlin.String?> [val] declared in com.prography.ui.common.GlobalUiManagerKt.GlobalUiHandler' type=androidx.compose.runtime.MutableState<kotlin.String?> origin=null
              CALL 'public final fun not (): kotlin.Boolean [operator] declared in kotlin.Boolean' type=kotlin.Boolean origin=null
                $this: CALL 'public final fun EQEQ (arg0: kotlin.Any?, arg1: kotlin.Any?): kotlin.Boolean declared in kotlin.internal.ir' type=kotlin.Boolean origin=null
                  arg0: GET_VAR 'val tmp0_safe_receiver: kotlin.String? [val] declared in com.prography.ui.common.GlobalUiManagerKt.GlobalUiHandler' type=kotlin.String? origin=null
                  arg1: CONST Null type=kotlin.Nothing? value=null
            then: CALL 'public final fun let <T, R> (block: kotlin.Function1<T of kotlin.StandardKt.let, R of kotlin.StandardKt.let>): R of kotlin.StandardKt.let [inline] declared in kotlin.StandardKt' type=kotlin.Unit origin=null
              <T>: kotlin.String
              <R>: kotlin.Unit
              $receiver: GET_VAR 'val tmp0_safe_receiver: kotlin.String? [val] declared in com.prography.ui.common.GlobalUiManagerKt.GlobalUiHandler' type=kotlin.String? origin=null
              block: BLOCK type=kotlin.Function1<kotlin.String, kotlin.Unit> origin=LAMBDA
                COMPOSITE type=kotlin.Unit origin=null
                FUNCTION_REFERENCE 'private final fun GlobalUiHandler$lambda$6 ($toastMessage$delegate: androidx.compose.runtime.MutableState<kotlin.String?>, message: kotlin.String): kotlin.Unit declared in com.prography.ui.common.GlobalUiManagerKt' type=kotlin.Function1<kotlin.String, kotlin.Unit> origin=INLINE_LAMBDA reflectionTarget=null
                  $toastMessage$delegate: GET_VAR 'val toastMessage$delegate: androidx.compose.runtime.MutableState<kotlin.String?> [val] declared in com.prography.ui.common.GlobalUiManagerKt.GlobalUiHandler' type=androidx.compose.runtime.MutableState<kotlin.String?> origin=null
          BRANCH
            if: CONST Boolean type=kotlin.Boolean value=true
            then: CONST Null type=kotlin.Nothing? value=null
    WHEN type=kotlin.Unit origin=IF
      BRANCH
        if: CALL 'private final fun GlobalUiHandler$lambda$1 ($isLoading$delegate: androidx.compose.runtime.MutableState<kotlin.Boolean>): kotlin.Boolean declared in com.prography.ui.common.GlobalUiManagerKt' type=kotlin.Boolean origin=GET_LOCAL_PROPERTY
          $isLoading$delegate: GET_VAR 'val isLoading$delegate: androidx.compose.runtime.MutableState<kotlin.Boolean> [val] declared in com.prography.ui.common.GlobalUiManagerKt.GlobalUiHandler' type=androidx.compose.runtime.MutableState<kotlin.Boolean> origin=null
        then: BLOCK type=kotlin.Unit origin=null
          CALL 'public final fun Box$default (modifier: androidx.compose.ui.Modifier?, contentAlignment: androidx.compose.ui.Alignment?, propagateMinConstraints: kotlin.Boolean, content: @[Composable] @[ExtensionFunctionType] kotlin.Function1<androidx.compose.foundation.layout.BoxScope, kotlin.Unit>, $mask0: kotlin.Int, $handler: kotlin.Any?): kotlin.Unit [inline] declared in androidx.compose.foundation.layout.BoxKt' type=kotlin.Unit origin=DEFAULT_DISPATCH_CALL
            modifier: CALL 'public final fun background-bw27NRU$default (color: androidx.compose.ui.graphics.Color, shape: androidx.compose.ui.graphics.Shape?, $mask0: kotlin.Int, $handler: kotlin.Any?): androidx.compose.ui.Modifier declared in androidx.compose.foundation.BackgroundKt' type=androidx.compose.ui.Modifier origin=DEFAULT_DISPATCH_CALL
              $receiver: CALL 'public final fun fillMaxSize$default (fraction: kotlin.Float, $mask0: kotlin.Int, $handler: kotlin.Any?): androidx.compose.ui.Modifier declared in androidx.compose.foundation.layout.SizeKt' type=androidx.compose.ui.Modifier origin=DEFAULT_DISPATCH_CALL
                $receiver: GET_FIELD 'FIELD FIELD_FOR_OBJECT_INSTANCE name:Companion type:androidx.compose.ui.Modifier.Companion visibility:public [final,static] declared in androidx.compose.ui.Modifier' type=androidx.compose.ui.Modifier.Companion origin=null
                fraction: COMPOSITE type=kotlin.Float origin=DEFAULT_VALUE
                  CONST Float type=kotlin.Float value=0.0
                $mask0: CONST Int type=kotlin.Int value=1
                $handler: CONST Null type=kotlin.Any? value=null
              color: CALL 'public final fun copy-wmQWz5c$default (arg0: androidx.compose.ui.graphics.Color, alpha: kotlin.Float, red: kotlin.Float, green: kotlin.Float, blue: kotlin.Float, $mask0: kotlin.Int, $handler: kotlin.Any?): androidx.compose.ui.graphics.Color declared in androidx.compose.ui.graphics.Color' type=androidx.compose.ui.graphics.Color origin=DEFAULT_DISPATCH_CALL
                arg0: CALL 'public final fun getBlack-0d7_KjU (): androidx.compose.ui.graphics.Color declared in androidx.compose.ui.graphics.Color.Companion' type=androidx.compose.ui.graphics.Color origin=GET_PROPERTY
                  $this: GET_FIELD 'FIELD FIELD_FOR_OBJECT_INSTANCE name:Companion type:androidx.compose.ui.graphics.Color.Companion visibility:public [final,static] declared in androidx.compose.ui.graphics.Color' type=androidx.compose.ui.graphics.Color.Companion origin=null
                alpha: CONST Float type=kotlin.Float value=0.3
                red: COMPOSITE type=kotlin.Float origin=DEFAULT_VALUE
                  CONST Float type=kotlin.Float value=0.0
                green: COMPOSITE type=kotlin.Float origin=DEFAULT_VALUE
                  CONST Float type=kotlin.Float value=0.0
                blue: COMPOSITE type=kotlin.Float origin=DEFAULT_VALUE
                  CONST Float type=kotlin.Float value=0.0
                $mask0: CONST Int type=kotlin.Int value=14
                $handler: CONST Null type=kotlin.Any? value=null
              shape: COMPOSITE type=androidx.compose.ui.graphics.Shape? origin=DEFAULT_VALUE
                CONST Null type=androidx.compose.ui.graphics.Shape? value=null
              $mask0: CONST Int type=kotlin.Int value=2
              $handler: CONST Null type=kotlin.Any? value=null
            contentAlignment: CALL 'public final fun <get-Center> (): androidx.compose.ui.Alignment declared in androidx.compose.ui.Alignment.Companion' type=androidx.compose.ui.Alignment origin=GET_PROPERTY
              $this: GET_FIELD 'FIELD FIELD_FOR_OBJECT_INSTANCE name:Companion type:androidx.compose.ui.Alignment.Companion visibility:public [final,static] declared in androidx.compose.ui.Alignment' type=androidx.compose.ui.Alignment.Companion origin=null
            propagateMinConstraints: COMPOSITE type=kotlin.Boolean origin=DEFAULT_VALUE
              CONST Boolean type=kotlin.Boolean value=false
            content: BLOCK type=@[ExtensionFunctionType] kotlin.Function1<androidx.compose.foundation.layout.BoxScope, kotlin.Unit> origin=LAMBDA
              COMPOSITE type=kotlin.Unit origin=null
              FUNCTION_REFERENCE 'private final fun GlobalUiHandler$lambda$7 (): kotlin.Unit declared in com.prography.ui.common.GlobalUiManagerKt' type=@[ExtensionFunctionType] kotlin.Function1<androidx.compose.foundation.layout.BoxScope, kotlin.Unit> origin=INLINE_LAMBDA reflectionTarget=null
            $mask0: CONST Int type=kotlin.Int value=4
            $handler: CONST Null type=kotlin.Any? value=null

	at org.jetbrains.kotlin.backend.jvm.codegen.FunctionCodegen.generate(FunctionCodegen.kt:47)
	at org.jetbrains.kotlin.backend.jvm.codegen.FunctionCodegen.generate$default(FunctionCodegen.kt:40)
	at org.jetbrains.kotlin.backend.jvm.codegen.ClassCodegen.generateMethodNode(ClassCodegen.kt:406)
	at org.jetbrains.kotlin.backend.jvm.codegen.ClassCodegen.generateMethod(ClassCodegen.kt:423)
	at org.jetbrains.kotlin.backend.jvm.codegen.ClassCodegen.generate(ClassCodegen.kt:168)
	at org.jetbrains.kotlin.backend.jvm.FileCodegen.lower(JvmPhases.kt:39)
	at org.jetbrains.kotlin.backend.common.phaser.PhaseFactoriesKt.createFilePhase$lambda$4(PhaseFactories.kt:71)
	at org.jetbrains.kotlin.backend.common.phaser.PhaseBuildersKt$createSimpleNamedCompilerPhase$1.phaseBody(PhaseBuilders.kt:69)
	at org.jetbrains.kotlin.backend.common.phaser.SimpleNamedCompilerPhase.phaseBody(CompilerPhase.kt:226)
	at org.jetbrains.kotlin.backend.common.phaser.AbstractNamedCompilerPhase.invoke(CompilerPhase.kt:113)
	at org.jetbrains.kotlin.backend.common.phaser.PerformByIrFilePhase.invokeSequential(performByIrFile.kt:62)
	... 43 more
Caused by: org.jetbrains.kotlin.codegen.CompilationException: Back-end (JVM) Internal error: Couldn't inline method call: CALL 'public final fun remember <T> (calculation: @[DisallowComposableCalls] kotlin.Function0<T of androidx.compose.runtime.ComposablesKt.remember>): T of androidx.compose.runtime.ComposablesKt.remember [inline] declared in androidx.compose.runtime.ComposablesKt' type=androidx.compose.runtime.MutableState<kotlin.Boolean> origin=null
Method: null
File is unknown
The root cause java.lang.IllegalStateException was thrown at: org.jetbrains.kotlin.codegen.inline.SourceCompilerForInlineKt.getMethodNode(SourceCompilerForInline.kt:118)
	at org.jetbrains.kotlin.codegen.inline.InlineCodegen.performInline(InlineCodegen.kt:65)
	at org.jetbrains.kotlin.backend.jvm.codegen.IrInlineCodegen.genInlineCall(IrInlineCodegen.kt:163)
	at org.jetbrains.kotlin.backend.jvm.codegen.IrInlineCallGenerator.genCall(IrInlineCallGenerator.kt:36)
	at org.jetbrains.kotlin.backend.jvm.codegen.ExpressionCodegen.visitCall(ExpressionCodegen.kt:653)
	at org.jetbrains.kotlin.backend.jvm.codegen.ExpressionCodegen.visitCall(ExpressionCodegen.kt:138)
	at org.jetbrains.kotlin.ir.expressions.IrCall.accept(IrCall.kt:24)
	at org.jetbrains.kotlin.backend.jvm.codegen.ExpressionCodegen.visitVariable(ExpressionCodegen.kt:790)
	at org.jetbrains.kotlin.backend.jvm.codegen.ExpressionCodegen.visitVariable(ExpressionCodegen.kt:138)
	at org.jetbrains.kotlin.ir.declarations.IrVariable.accept(IrVariable.kt:36)
	at org.jetbrains.kotlin.backend.jvm.codegen.ExpressionCodegen.visitStatementContainer(ExpressionCodegen.kt:579)
	at org.jetbrains.kotlin.backend.jvm.codegen.ExpressionCodegen.visitBlockBody(ExpressionCodegen.kt:584)
	at org.jetbrains.kotlin.backend.jvm.codegen.ExpressionCodegen.visitBlockBody(ExpressionCodegen.kt:138)
	at org.jetbrains.kotlin.ir.expressions.IrBlockBody.accept(IrBlockBody.kt:20)
	at org.jetbrains.kotlin.backend.jvm.codegen.ExpressionCodegen.generate(ExpressionCodegen.kt:240)
	at org.jetbrains.kotlin.backend.jvm.codegen.FunctionCodegen.doGenerate(FunctionCodegen.kt:123)
	at org.jetbrains.kotlin.backend.jvm.codegen.FunctionCodegen.generate(FunctionCodegen.kt:44)
	... 53 more
Caused by: java.lang.IllegalStateException: couldn't find inline method Landroidx/compose/runtime/ComposablesKt;.remember(Lkotlin/jvm/functions/Function0;)Ljava/lang/Object;
	at org.jetbrains.kotlin.codegen.inline.SourceCompilerForInlineKt.getMethodNode(SourceCompilerForInline.kt:118)
	at org.jetbrains.kotlin.codegen.inline.SourceCompilerForInlineKt.loadCompiledInlineFunction(SourceCompilerForInline.kt:96)
	at org.jetbrains.kotlin.backend.jvm.codegen.IrSourceCompilerForInline.compileInlineFunction(IrSourceCompilerForInline.kt:91)
	at org.jetbrains.kotlin.codegen.inline.InlineCodegen.compileInline(InlineCodegen.kt:43)
	at org.jetbrains.kotlin.codegen.inline.InlineCodegen.performInline(InlineCodegen.kt:51)
	... 68 more


